[2026-03-13 10:52:07] [INFO] Загружен парсер: Демо-отели (папка: demo_hotel, файл: DemoHotelParser.php)
[2026-03-13 10:52:07] [INFO] Загружен парсер: Мой агент (папка: moyagent, файл: MoyAgentParser.php)
[2026-03-13 10:52:07] [INFO] Всего загружено парсеров: 2
[2026-03-13 10:52:07] [INFO] ========== Начата обработка файлов ==========
[2026-03-13 10:52:09] [INFO] API 1С недоступен — отправка пропущена
[2026-03-13 10:52:09] [INFO] Поставщик "Демо-отели": нет новых XML-файлов
[2026-03-13 10:52:09] [INFO] Поставщик "Мой агент": нет новых XML-файлов
[2026-03-13 10:52:09] [INFO] ========== Обработка завершена: обработано 0, ошибок 0, всего файлов 0 ==========
[2026-03-13 11:04:55] [INFO] Загружен парсер: Демо-отели (папка: demo_hotel, файл: DemoHotelParser.php)
[2026-03-13 11:04:55] [INFO] Загружен парсер: Мой агент (папка: moyagent, файл: MoyAgentParser.php)
[2026-03-13 11:04:55] [INFO] Всего загружено парсеров: 2
[2026-03-13 11:04:55] [INFO] ========== Начата обработка файлов ==========
[2026-03-13 11:04:57] [INFO] API 1С недоступен — отправка пропущена
[2026-03-13 11:04:57] [INFO] Поставщик "Демо-отели": нет новых XML-файлов
[2026-03-13 11:04:57] [INFO] Поставщик "Мой агент": нет новых XML-файлов
[2026-03-13 11:04:57] [INFO] ========== Обработка завершена: обработано 0, ошибок 0, всего файлов 0 ==========
[2026-03-13 11:21:21] [INFO] Загружен парсер: Демо-отели (папка: demo_hotel, файл: DemoHotelParser.php)
[2026-03-13 11:21:21] [INFO] Загружен парсер: Мой агент (папка: moyagent, файл: MoyAgentParser.php)
[2026-03-13 11:21:21] [INFO] Всего загружено парсеров: 2
[2026-03-13 11:21:21] [INFO] ========== Начата обработка файлов ==========
[2026-03-13 11:21:23] [INFO] API 1С недоступен — отправка пропущена
[2026-03-13 11:21:23] [INFO] Поставщик "Демо-отели": нет новых XML-файлов
[2026-03-13 11:21:23] [INFO] Поставщик "Мой агент": найдено 1 XML-файл(ов)
[2026-03-13 11:21:23] [INFO] Обработка файла: 125358832021.xml
[2026-03-13 11:21:23] [SUCCESS] Файл 125358832021.xml успешно обработан -> JSON: moyagent_125358832021_20260313_112123.json
[2026-03-13 11:21:23] [INFO] ========== Обработка завершена: обработано 1, ошибок 0, всего файлов 1 ==========
